MPASM  5.30.01                         KOOB1.ASM   10-5-2009  14:29:27         PAGE  1


LOC  OBJECT CODE     LINE SOURCE TEXT
  VALUE

                      00001 ; THIS CODE IS FOR THE PIC 18F4550 MICROCONTROLLER.
                      00002 ; This code is for MICR104 - Assn01
                      00003 ; NAME: koob_graham
                      00004 ; DATE: 2009-10-05  
                      00005 #include        p18f4550.inc    ;pre-defined PIC specific definitions
                      00001         LIST
                      00002 
                      00003 ;==========================================================================
                      00004 ;  MPASM PIC18F4550 processor include
                      00005 ; 
                      00006 ;  (c) Copyright 1999-2007 Microchip Technology, All rights reserved
                      00007 ;==========================================================================
                      00008 
                      01643         LIST
                      00006 #include        configure.inc
                      00001 ; THIS CODE IS FOR THE PIC 18F4550 MICROCONTROLLER. It will configure 
                      00002 ; the bits.
                      00003 ; NAME: koob_graham
                      00004 ; DATE: 2009-09-23  
                      00005 ;**************************************************************************
                      00006 ;       START OF CODE SECTION
                      00007 ;**************************************************************************
                      00008 ; Configuration Bytes are set up here for automatic load to Micro
                      00009 ; All definitions are in the P18F4550.INC file (Commented area at the end, Pg.18)
                      00010 ; CONFIG1L      300000 = 21H
21 0C 26 1E 85 80 0F C00011         CONFIG  USBDIV = 2                      ; USB LCK source comes form the 96MHz PLL divided by 2
       0 0F E0 0F 40 
                      00012         CONFIG  CPUDIV = OSC1_PLL2      ; OSC1/OSC2 SOURCE/1 96MHz PLL SOURCE/2
                      00013         CONFIG  PLLDIV = 2                      ; DIVIDE BY 2 - 8MHz OSCILLATOR I/P
                      00014 ; CONFIG1H      300001 = 0CH
                      00015         CONFIG  IESO = OFF                      ; Oscillator switch over mode DISABLED  
                      00016         CONFIG  FCMEN = OFF                     ; FAIL SAFE MONITOR DISABLED 
                      00017         CONFIG  FOSC = HS                       ; HIGH SPEED OSCILLATOR, PLL DISABLED
                      00018 ; CONFIG2L      300002 = 26H
                      00019         CONFIG  PWRT = ON                       ; POWER UP DIMER ENABLED
                      00020         CONFIG  BOR = ON                        ; BROWN OUT RESET ENABLED IN HARDWARE ONLY
                      00021         CONFIG  BORV = 0                        ; BROWN OUT RESET AT 4.6V 
                      00022         CONFIG  VREGEN = ON                     ; USB VOLTAGE REGULATOR ENABLED
                      00023 ; CONFIG2H      300003 = 1EH
                      00024         CONFIG  WDT = OFF                       ; WATCH DOG TIMER OFF (POST SCALER NOT SET)
                      00025 ; CONFIG3L      300004 = ??H            ; No information for this register
                      00026 ; CONFIG3H      300005 = 85H            ; Reset enabled, low power OSC1, PORT B DIGITAL not A2D
                      00027         CONFIG  MCLRE = ON                      ; MASTER CLEAR PIN IS ENABLED (RESET) 
                      00028         CONFIG  LPT1OSC = ON            ; TIMER 1 OSCILLATOR CONFIGURED FOR HIGHER POWER OPERATION
                      00029         CONFIG  PBADEN = OFF            ; PORTB PINS ARE CONFIGURED FOR DIGITAL ON RESET
                      00030 ; CONFIG4L      300006 = 80H            ; STACK UNDER FLOW RESET OFF, LVP OFF, PROG PORT OFF, NO EXTRA I
                            NST, RB6-7 IO
                      00031         CONFIG  STVREN = OFF            ; STACK UNDERFLOW WILL NOT CAUSE A RESET
                      00032         CONFIG  LVP = OFF                       ; LOW VOLTAGE IN CCT PROGRAMMING DISABLED
                      00033         CONFIG  ICPRT = OFF                     ; DEDICATED IN CCT PROGRAMMING PORT DISABLED (RB6 & RB7)
                      00034         CONFIG  XINST = OFF                     ; NO EXTRA INSTRUCTIONS 
                      00035         CONFIG  DEBUG = OFF                     ; BACK GROUND DEBUGGING DISABLED (RB6 & RB7 NORMAL MODE)
                      00036 ; CONFIG4H      300007 = ??H            ; No information for this register
MPASM  5.30.01                         KOOB1.ASM   10-5-2009  14:29:27         PAGE  2


LOC  OBJECT CODE     LINE SOURCE TEXT
  VALUE

                      00037 ; CONFIG5L      300008 = 0FH            ; All code protection OFF
                      00038 ; CONFIG5H      300009 = C0H            ; All code protection OFF
                      00039 ; CONFIG6L      30000A = OFH            ; All not WRITE PROTECTED
                      00040 ; CONFIG6H      30000B = E0H            ; All not WRITE PROTECTED
                      00041 ; CONFIG7L      30000C = 0FH            ; All not READ PROTECTED
                      00042 ; CONFIG7H      30000D = 40H            ; Not READ PROTECTED
                      00007 ;**************************************************************************
                      00008 ;       START OF CODE SECTION
                      00009 ;**************************************************************************
  00000000            00010 A                       EQU 00H                         ; Access Bank
  00000001            00011 F                       EQU     01H                             ; Return to F Register
                      00012 
000000                00013         ORG             00H                                     ; RESET VECTOR OR POWER ON
000000                00014 PORT_INIT:
000000 0E0F           00015         MOVLW   0FH                                     ; Configure PORTA
000002 6EC1           00016         MOVWF   ADCON1,A                        ; for Digital I/P
                      00017 
000004 0E00           00018         MOVLW   00H                                     ; RA<6:3> = Outputs 
000006 6E80           00019         MOVWF   PORTA,A                         ; RA<2:0> = Inputs
                      00020         
000008 0E07           00021         MOVLW   07H                                     ; 
00000A 6E92           00022         MOVWF   TRISA,A                         ; Configure PORTA
                      00023         
00000C 0E00           00024         MOVLW   00H                                     ; RB<7:0> = Outputs
00000E 6E81           00025         MOVWF   PORTB,A                         ; 
                      00026 
000010 0E00           00027         MOVLW   00H                                     ;
000012 6E93           00028         MOVWF   TRISB,A                         ; Configure PORTB
                      00029 
000014 0E00           00030         MOVLW   00H                                     ; RC<7:0> = Inputs 
000016 6E82           00031         MOVWF   PORTC,A                         ;
                      00032 
000018 0EFF           00033         MOVLW   0FFH                            ;
00001A 6E94           00034         MOVWF   TRISC,A                         ; Configure PORTC
                      00035 
00001C 0E00           00036         MOVLW   00H                                     ; RD<7,5,3,1> = Outputs
00001E 6E83           00037         MOVWF   PORTD,A                         ; RD<6,4,2,0> = Inputs
                      00038 
000020 0E55           00039         MOVLW   55H                                     ;
000022 6E95           00040         MOVWF   TRISD,A                         ; Configure PORTD
                      00041 
000024 0E00           00042         MOVLW   00H                                     ; RE<7:0> = Outputs
000026 6E84           00043         MOVWF   PORTE,A                         ;
                      00044 
000028 0E00           00045         MOVLW   00H                                     ;
00002A 6E96           00046         MOVWF   TRISE,A                         ; Configure PORTE
                      00047 
00002C 0E07           00048         MOVLW   07H                                     ; COMPARATOR OFF
00002E 6EB4           00049         MOVWF   CMCON,A                         ; CONFIGURE COMPARATOR 
                      00050 
000030                00051 MAIN_LOOP:
000030 CF82 FF81      00052         MOVFF   PORTC, PORTB            ; PORTB O/P Value on PORTC
                      00053 
MPASM  5.30.01                         KOOB1.ASM   10-5-2009  14:29:27         PAGE  3


LOC  OBJECT CODE     LINE SOURCE TEXT
  VALUE

000034 EC1F F000      00054         CALL    PORTA_TOGGLE            ; RA<2:0> I/P are O/P on RA<5:3>
                      00055 
000038 4683           00056         RLNCF   PORTD,F,A                       ; Rotate I/P left 1b and O/P
                      00057 
00003A EF18 F000      00058         GOTO    MAIN_LOOP                       ;
                      00059 
00003E                00060 PORTA_TOGGLE:
00003E B080           00061         BTFSC   PORTA,RA0,A                     ; If RA0 is HIGH 
000040 8680           00062         BSF             PORTA,RA3,A                     ; Turn RA3 HIGH 
                      00063 
000042 B280           00064         BTFSC   PORTA,RA1,A                     ; If RA1 is HIGH 
000044 8880           00065         BSF             PORTA,RA4,A                     ; Turn RA4 HIGH 
                      00066 
000046 B480           00067         BTFSC   PORTA,RA2,A                     ; If RA2 is HIGH 
000048 8A80           00068         BSF             PORTA,RA5,A                     ; Turn RA5 HIGH 
                      00069 
00004A A080           00070         BTFSS   PORTA,RA0,A                     ; If RA0 is LOW 
00004C 9680           00071         BCF             PORTA,RA3,A                     ; Turn RA3 LOW
                      00072 
00004E A280           00073         BTFSS   PORTA,RA1,A                     ; If RA1 is LOW 
000050 9880           00074         BCF             PORTA,RA4,A                     ; Turn RA4 LOW
                      00075 
000052 A480           00076         BTFSS   PORTA,RA2,A                     ; If RA2 is LOW 
000054 9A80           00077         BCF             PORTA,RA5,A                     ; Turn RA5 LOW
                      00078 
000056 0012           00079         RETURN                                          ;
                      00080 
                      00081         END
MPASM  5.30.01                         KOOB1.ASM   10-5-2009  14:29:27         PAGE  4


SYMBOL TABLE
  LABEL                             VALUE 

A                                 00000000
ABDEN                             00000000
ABDOVF                            00000007
ACCESS                            00000000
ACKDT                             00000005
ACKEN                             00000004
ACKSTAT                           00000006
ACQT0                             00000003
ACQT1                             00000004
ACQT2                             00000005
ACTVIE                            00000002
ACTVIF                            00000002
ADCON0                            00000FC2
ADCON1                            00000FC1
ADCON2                            00000FC0
ADCS0                             00000000
ADCS1                             00000001
ADCS2                             00000002
ADDEN                             00000003
ADDR0                             00000000
ADDR1                             00000001
ADDR2                             00000002
ADDR3                             00000003
ADDR4                             00000004
ADDR5                             00000005
ADDR6                             00000006
ADEN                              00000003
ADFM                              00000007
ADIE                              00000006
ADIF                              00000006
ADIP                              00000006
ADON                              00000000
ADRES                             00000FC3
ADRESH                            00000FC4
ADRESL                            00000FC3
AN0                               00000000
AN1                               00000001
AN2                               00000002
AN3                               00000003
AN4                               00000005
BANKED                            00000001
BAUDCON                           00000FB8
BCLIE                             00000003
BCLIF                             00000003
BCLIP                             00000003
BF                                00000000
BGST                              00000005
BOR                               00000000
BRG16                             00000003
BRGH                              00000002
BSR                               00000FE0
BTOEE                             00000004
BTOEF                             00000004
MPASM  5.30.01                         KOOB1.ASM   10-5-2009  14:29:27         PAGE  5


SYMBOL TABLE
  LABEL                             VALUE 

BTSEE                             00000007
BTSEF                             00000007
C                                 00000000
C1INV                             00000004
C1OUT                             00000006
C2INV                             00000005
C2OUT                             00000007
CCP1                              00000002
CCP1AS                            00000FB6
CCP1CON                           00000FBD
CCP1DEL                           00000FB7
CCP1IE                            00000002
CCP1IF                            00000002
CCP1IP                            00000002
CCP1M0                            00000000
CCP1M1                            00000001
CCP1M2                            00000002
CCP1M3                            00000003
CCP2CON                           00000FBA
CCP2IE                            00000000
CCP2IF                            00000000
CCP2IP                            00000000
CCP2M0                            00000000
CCP2M1                            00000001
CCP2M2                            00000002
CCP2M3                            00000003
CCPR1                             00000FBE
CCPR1H                            00000FBF
CCPR1L                            00000FBE
CCPR2                             00000FBB
CCPR2H                            00000FBC
CCPR2L                            00000FBB
CFGS                              00000006
CHS0                              00000002
CHS1                              00000003
CHS2                              00000004
CHS3                              00000005
CIS                               00000003
CK                                00000006
CK1SPP                            00000000
CK2SPP                            00000001
CKE                               00000006
CKP                               00000004
CLK1EN                            00000004
CLKCFG0                           00000006
CLKCFG1                           00000007
CM0                               00000000
CM1                               00000001
CM2                               00000002
CMCON                             00000FB4
CMIE                              00000006
CMIF                              00000006
CMIP                              00000006
MPASM  5.30.01                         KOOB1.ASM   10-5-2009  14:29:27         PAGE  6


SYMBOL TABLE
  LABEL                             VALUE 

CRC16EE                           00000002
CRC16EF                           00000002
CRC5EE                            00000001
CRC5EF                            00000001
CREN                              00000004
CSEN                              00000005
CSRC                              00000007
CVR0                              00000000
CVR1                              00000001
CVR2                              00000002
CVR3                              00000003
CVRCON                            00000FB5
CVREF                             00000004
CVREN                             00000007
CVROE                             00000006
CVRR                              00000005
CVRSS                             00000004
D                                 00000005
DATA_ADDRESS                      00000005
DC                                00000001
DC1B0                             00000004
DC1B1                             00000005
DC2B0                             00000004
DC2B1                             00000005
DDRA                              TRISA
DDRB                              TRISB
DDRC                              TRISC
DDRD                              TRISD
DDRE                              TRISE
DFN8EE                            00000003
DFN8EF                            00000003
DIR                               00000002
DONE                              00000001
D_A                               00000005
ECCP1AS                           00000FB6
ECCP1CON                          00000FBD
ECCP1DEL                          00000FB7
ECCPAS0                           00000004
ECCPAS1                           00000005
ECCPAS2                           00000006
ECCPASE                           00000007
EEADR                             00000FA9
EECON1                            00000FA6
EECON2                            00000FA7
EEDATA                            00000FA8
EEIE                              00000004
EEIF                              00000004
EEIP                              00000004
EEPGD                             00000007
ENDP0                             00000003
ENDP1                             00000004
ENDP2                             00000005
ENDP3                             00000006
MPASM  5.30.01                         KOOB1.ASM   10-5-2009  14:29:27         PAGE  7


SYMBOL TABLE
  LABEL                             VALUE 

EPCONDIS                          00000003
EPHSHK                            00000004
EPINEN                            00000001
EPOUTEN                           00000002
EPSTALL                           00000000
F                                 00000001
FAST                              00000001
FERR                              00000002
FLTS                              00000002
FREE                              00000004
FRM0                              00000000
FRM1                              00000001
FRM10                             00000002
FRM2                              00000002
FRM3                              00000003
FRM4                              00000004
FRM5                              00000005
FRM6                              00000006
FRM7                              00000007
FRM8                              00000000
FRM9                              00000001
FSEN                              00000002
FSR0                              00000000
FSR0H                             00000FEA
FSR0L                             00000FE9
FSR1                              00000001
FSR1H                             00000FE2
FSR1L                             00000FE1
FSR2                              00000002
FSR2H                             00000FDA
FSR2L                             00000FD9
GCEN                              00000007
GIE                               00000007
GIEH                              00000007
GIEL                              00000006
GO                                00000001
GO_DONE                           00000001
HLVDCON                           00000FD2
HLVDEN                            00000004
HLVDIE                            00000002
HLVDIF                            00000002
HLVDIN                            00000005
HLVDIP                            00000002
HLVDL0                            00000000
HLVDL1                            00000001
HLVDL2                            00000002
HLVDL3                            00000003
I2C_DAT                           00000005
I2C_READ                          00000002
I2C_START                         00000003
I2C_STOP                          00000004
IDLEIE                            00000004
IDLEIF                            00000004
MPASM  5.30.01                         KOOB1.ASM   10-5-2009  14:29:27         PAGE  8


SYMBOL TABLE
  LABEL                             VALUE 

IDLEN                             00000007
INDF0                             00000FEF
INDF1                             00000FE7
INDF2                             00000FDF
INT0                              00000000
INT0E                             00000004
INT0F                             00000001
INT0IE                            00000004
INT0IF                            00000001
INT1                              00000001
INT1E                             00000003
INT1F                             00000000
INT1IE                            00000003
INT1IF                            00000000
INT1IP                            00000006
INT1P                             00000006
INT2                              00000002
INT2E                             00000004
INT2F                             00000001
INT2IE                            00000004
INT2IF                            00000001
INT2IP                            00000007
INT2P                             00000007
INTCON                            00000FF2
INTCON2                           00000FF1
INTCON3                           00000FF0
INTEDG0                           00000006
INTEDG1                           00000005
INTEDG2                           00000004
INTSRC                            00000007
IOFS                              00000002
IPEN                              00000007
IPR1                              00000F9F
IPR2                              00000FA2
IRCF0                             00000004
IRCF1                             00000005
IRCF2                             00000006
IRVST                             00000005
IVRST                             00000005
LATA                              00000F89
LATA0                             00000000
LATA1                             00000001
LATA2                             00000002
LATA3                             00000003
LATA4                             00000004
LATA5                             00000005
LATA6                             00000006
LATB                              00000F8A
LATB0                             00000000
LATB1                             00000001
LATB2                             00000002
LATB3                             00000003
LATB4                             00000004
MPASM  5.30.01                         KOOB1.ASM   10-5-2009  14:29:27         PAGE  9


SYMBOL TABLE
  LABEL                             VALUE 

LATB5                             00000005
LATB6                             00000006
LATB7                             00000007
LATC                              00000F8B
LATC0                             00000000
LATC1                             00000001
LATC2                             00000002
LATC6                             00000006
LATC7                             00000007
LATD                              00000F8C
LATD0                             00000000
LATD1                             00000001
LATD2                             00000002
LATD3                             00000003
LATD4                             00000004
LATD5                             00000005
LATD6                             00000006
LATD7                             00000007
LATE                              00000F8D
LATE0                             00000000
LATE1                             00000001
LATE2                             00000002
LVDCON                            00000FD2
LVDEN                             00000004
LVDIE                             00000002
LVDIF                             00000002
LVDIN                             00000005
LVDIP                             00000002
LVDL0                             00000000
LVDL1                             00000001
LVDL2                             00000002
LVDL3                             00000003
LVV0                              00000000
LVV1                              00000001
LVV2                              00000002
LVV3                              00000003
MAIN_LOOP                         00000030
N                                 00000004
NOT_A                             00000005
NOT_ADDRESS                       00000005
NOT_BOR                           00000000
NOT_DONE                          00000001
NOT_IPEN                          00000007
NOT_PD                            00000002
NOT_POR                           00000001
NOT_RBPU                          00000007
NOT_RI                            00000004
NOT_T1SYNC                        00000002
NOT_T3SYNC                        00000002
NOT_TO                            00000003
NOT_W                             00000002
NOT_WRITE                         00000002
OERR                              00000001
MPASM  5.30.01                         KOOB1.ASM   10-5-2009  14:29:27         PAGE 10


SYMBOL TABLE
  LABEL                             VALUE 

OESPP                             00000002
OSC2                              00000006
OSCCON                            00000FD3
OSCFIE                            00000007
OSCFIF                            00000007
OSCFIP                            00000007
OSCTUNE                           00000F9B
OSTS                              00000003
OV                                00000003
P                                 00000004
P1A                               00000002
P1M0                              00000006
P1M1                              00000007
PC                                00000FF9
PCFG0                             00000000
PCFG1                             00000001
PCFG2                             00000002
PCFG3                             00000003
PCL                               00000FF9
PCLATH                            00000FFA
PCLATU                            00000FFB
PD                                00000002
PDC0                              00000000
PDC1                              00000001
PDC2                              00000002
PDC3                              00000003
PDC4                              00000004
PDC5                              00000005
PDC6                              00000006
PEIE                              00000006
PEN                               00000002
PGC                               00000006
PGD                               00000007
PGM                               00000005
PIDEE                             00000000
PIDEF                             00000000
PIE1                              00000F9D
PIE2                              00000FA0
PIR1                              00000F9E
PIR2                              00000FA1
PKTDIS                            00000004
PLUSW0                            00000FEB
PLUSW1                            00000FE3
PLUSW2                            00000FDB
POR                               00000001
PORTA                             00000F80
PORTA_TOGGLE                      0000003E
PORTB                             00000F81
PORTC                             00000F82
PORTD                             00000F83
PORTE                             00000F84
PORT_INIT                         00000000
POSTDEC0                          00000FED
MPASM  5.30.01                         KOOB1.ASM   10-5-2009  14:29:27         PAGE 11


SYMBOL TABLE
  LABEL                             VALUE 

POSTDEC1                          00000FE5
POSTDEC2                          00000FDD
POSTINC0                          00000FEE
POSTINC1                          00000FE6
POSTINC2                          00000FDE
PPB0                              00000000
PPB1                              00000001
PPBI                              00000001
PPBRST                            00000006
PR2                               00000FCB
PREINC0                           00000FEC
PREINC1                           00000FE4
PREINC2                           00000FDC
PROD                              00000FF3
PRODH                             00000FF4
PRODL                             00000FF3
PRSEN                             00000007
PSA                               00000003
PSSAC0                            00000002
PSSAC1                            00000003
PSSBD0                            00000000
PSSBD1                            00000001
R                                 00000002
RA0                               00000000
RA1                               00000001
RA2                               00000002
RA3                               00000003
RA4                               00000004
RA5                               00000005
RA6                               00000006
RB0                               00000000
RB1                               00000001
RB2                               00000002
RB3                               00000003
RB4                               00000004
RB5                               00000005
RB6                               00000006
RB7                               00000007
RBIE                              00000003
RBIF                              00000000
RBIP                              00000000
RBPU                              00000007
RC0                               00000000
RC1                               00000001
RC2                               00000002
RC4                               00000004
RC5                               00000005
RC6                               00000006
RC7                               00000007
RCEN                              00000003
RCIDL                             00000006
RCIE                              00000005
RCIF                              00000005
MPASM  5.30.01                         KOOB1.ASM   10-5-2009  14:29:27         PAGE 12


SYMBOL TABLE
  LABEL                             VALUE 

RCIP                              00000005
RCMT                              00000006
RCON                              00000FD0
RCREG                             00000FAE
RCSTA                             00000FAB
RD                                00000000
RD0                               00000000
RD1                               00000001
RD16                              00000007
RD2                               00000002
RD3                               00000003
RD4                               00000004
RD5                               00000005
RD6                               00000006
RD7                               00000007
RDPU                              00000007
RDSPP                             00000007
RE0                               00000000
RE1                               00000001
RE2                               00000002
RE3                               00000003
READ_WRITE                        00000002
RESUME                            00000002
RI                                00000004
RSEN                              00000001
RX                                00000007
RX9                               00000006
RX9D                              00000000
RXDTP                             00000005
R_W                               00000002
S                                 00000003
SBOREN                            00000006
SCKP                              00000004
SCS0                              00000000
SCS1                              00000001
SE0                               00000005
SEN                               00000000
SENDB                             00000003
SMP                               00000007
SOFIE                             00000006
SOFIF                             00000006
SPBRG                             00000FAF
SPBRGH                            00000FB0
SPEN                              00000007
SPP0                              00000000
SPP1                              00000001
SPP2                              00000002
SPP3                              00000003
SPP4                              00000004
SPP5                              00000005
SPP6                              00000006
SPP7                              00000007
SPPBUSY                           00000004
MPASM  5.30.01                         KOOB1.ASM   10-5-2009  14:29:27         PAGE 13


SYMBOL TABLE
  LABEL                             VALUE 

SPPCFG                            00000F63
SPPCON                            00000F65
SPPDATA                           00000F62
SPPEN                             00000000
SPPEPS                            00000F64
SPPIE                             00000007
SPPIF                             00000007
SPPIP                             00000007
SPPOWN                            00000001
SREN                              00000005
SSPADD                            00000FC8
SSPBUF                            00000FC9
SSPCON1                           00000FC6
SSPCON2                           00000FC5
SSPEN                             00000005
SSPIE                             00000003
SSPIF                             00000003
SSPIP                             00000003
SSPM0                             00000000
SSPM1                             00000001
SSPM2                             00000002
SSPM3                             00000003
SSPOV                             00000006
SSPSTAT                           00000FC7
STALLIE                           00000005
STALLIF                           00000005
STATUS                            00000FD8
STKFUL                            00000007
STKPTR                            00000FFC
STKPTR0                           00000000
STKPTR1                           00000001
STKPTR2                           00000002
STKPTR3                           00000003
STKPTR4                           00000004
STKUNF                            00000006
SUSPND                            00000001
SWDTE                             00000000
SWDTEN                            00000000
SYNC                              00000004
T08BIT                            00000006
T0CKI                             00000004
T0CON                             00000FD5
T0CS                              00000005
T0IE                              00000005
T0IF                              00000002
T0IP                              00000002
T0PS0                             00000000
T0PS1                             00000001
T0PS2                             00000002
T0SE                              00000004
T13CKI                            00000000
T1CKPS0                           00000004
T1CKPS1                           00000005
MPASM  5.30.01                         KOOB1.ASM   10-5-2009  14:29:27         PAGE 14


SYMBOL TABLE
  LABEL                             VALUE 

T1CON                             00000FCD
T1OSCEN                           00000003
T1OSI                             00000001
T1OSO                             00000000
T1RUN                             00000006
T1SYNC                            00000002
T2CKPS0                           00000000
T2CKPS1                           00000001
T2CON                             00000FCA
T2OUTPS0                          00000003
T2OUTPS1                          00000004
T2OUTPS2                          00000005
T2OUTPS3                          00000006
T3CCP1                            00000003
T3CCP2                            00000006
T3CKPS0                           00000004
T3CKPS1                           00000005
T3CON                             00000FB1
T3NSYNC                           00000002
T3SYNC                            00000002
TABLAT                            00000FF5
TBLPTR                            00000FF6
TBLPTRH                           00000FF7
TBLPTRL                           00000FF6
TBLPTRU                           00000FF8
TMR0H                             00000FD7
TMR0IE                            00000005
TMR0IF                            00000002
TMR0IP                            00000002
TMR0L                             00000FD6
TMR0ON                            00000007
TMR1CS                            00000001
TMR1H                             00000FCF
TMR1IE                            00000000
TMR1IF                            00000000
TMR1IP                            00000000
TMR1L                             00000FCE
TMR1ON                            00000000
TMR2                              00000FCC
TMR2IE                            00000001
TMR2IF                            00000001
TMR2IP                            00000001
TMR2ON                            00000002
TMR3CS                            00000001
TMR3H                             00000FB3
TMR3IE                            00000001
TMR3IF                            00000001
TMR3IP                            00000001
TMR3L                             00000FB2
TMR3ON                            00000000
TO                                00000003
TOS                               00000FFD
TOSH                              00000FFE
MPASM  5.30.01                         KOOB1.ASM   10-5-2009  14:29:27         PAGE 15


SYMBOL TABLE
  LABEL                             VALUE 

TOSL                              00000FFD
TOSU                              00000FFF
TRISA                             00000F92
TRISA0                            00000000
TRISA1                            00000001
TRISA2                            00000002
TRISA3                            00000003
TRISA4                            00000004
TRISA5                            00000005
TRISA6                            00000006
TRISB                             00000F93
TRISB0                            00000000
TRISB1                            00000001
TRISB2                            00000002
TRISB3                            00000003
TRISB4                            00000004
TRISB5                            00000005
TRISB6                            00000006
TRISB7                            00000007
TRISC                             00000F94
TRISC0                            00000000
TRISC1                            00000001
TRISC2                            00000002
TRISC6                            00000006
TRISC7                            00000007
TRISD                             00000F95
TRISD0                            00000000
TRISD1                            00000001
TRISD2                            00000002
TRISD3                            00000003
TRISD4                            00000004
TRISD5                            00000005
TRISD6                            00000006
TRISD7                            00000007
TRISE                             00000F96
TRISE0                            00000000
TRISE1                            00000001
TRISE2                            00000002
TRMT                              00000001
TRNIE                             00000003
TRNIF                             00000003
TUN0                              00000000
TUN1                              00000001
TUN2                              00000002
TUN3                              00000003
TUN4                              00000004
TX                                00000006
TX9                               00000006
TX9D                              00000000
TXCKP                             00000004
TXEN                              00000005
TXIE                              00000004
TXIF                              00000004
MPASM  5.30.01                         KOOB1.ASM   10-5-2009  14:29:27         PAGE 16


SYMBOL TABLE
  LABEL                             VALUE 

TXIP                              00000004
TXREG                             00000FAD
TXSTA                             00000FAC
UA                                00000001
UADDR                             00000F6E
UCFG                              00000F6F
UCON                              00000F6D
UEIE                              00000F6B
UEIR                              00000F6A
UEP0                              00000F70
UEP1                              00000F71
UEP10                             00000F7A
UEP11                             00000F7B
UEP12                             00000F7C
UEP13                             00000F7D
UEP14                             00000F7E
UEP15                             00000F7F
UEP2                              00000F72
UEP3                              00000F73
UEP4                              00000F74
UEP5                              00000F75
UEP6                              00000F76
UEP7                              00000F77
UEP8                              00000F78
UEP9                              00000F79
UERRIE                            00000001
UERRIF                            00000001
UFRM                              00000F66
UFRMH                             00000F67
UFRML                             00000F66
UIE                               00000F69
UIR                               00000F68
UOEMON                            00000006
UPUEN                             00000004
URSTIE                            00000000
URSTIF                            00000000
USBEN                             00000003
USBIE                             00000005
USBIF                             00000005
USBIP                             00000005
USTAT                             00000F6C
UTEYE                             00000007
UTRDIS                            00000003
VCFG0                             00000004
VCFG1                             00000005
VDIRMAG                           00000007
VREFM                             00000002
VREFP                             00000003
W                                 00000000
WCOL                              00000007
WDTCON                            00000FD1
WR                                00000001
WREG                              00000FE8
MPASM  5.30.01                         KOOB1.ASM   10-5-2009  14:29:27         PAGE 17


SYMBOL TABLE
  LABEL                             VALUE 

WREN                              00000002
WRERR                             00000003
WRSPP                             00000006
WS0                               00000000
WS1                               00000001
WS2                               00000002
WS3                               00000003
WUE                               00000001
Z                                 00000002
_BORV_0_2L                        000000E7
_BORV_1_2L                        000000EF
_BORV_2_2L                        000000F7
_BORV_3_2L                        000000FF
_BOR_OFF_2L                       000000F9
_BOR_ON_2L                        000000FF
_BOR_ON_ACTIVE_2L                 000000FD
_BOR_SOFT_2L                      000000FB
_CCP2MX_OFF_3H                    000000FE
_CCP2MX_ON_3H                     000000FF
_CONFIG1H                         00300001
_CONFIG1L                         00300000
_CONFIG2H                         00300003
_CONFIG2L                         00300002
_CONFIG3H                         00300005
_CONFIG4L                         00300006
_CONFIG5H                         00300009
_CONFIG5L                         00300008
_CONFIG6H                         0030000B
_CONFIG6L                         0030000A
_CONFIG7H                         0030000D
_CONFIG7L                         0030000C
_CP0_OFF_5L                       000000FF
_CP0_ON_5L                        000000FE
_CP1_OFF_5L                       000000FF
_CP1_ON_5L                        000000FD
_CP2_OFF_5L                       000000FF
_CP2_ON_5L                        000000FB
_CP3_OFF_5L                       000000FF
_CP3_ON_5L                        000000F7
_CPB_OFF_5H                       000000FF
_CPB_ON_5H                        000000BF
_CPD_OFF_5H                       000000FF
_CPD_ON_5H                        0000007F
_CPUDIV_OSC1_PLL2_1L              000000E7
_CPUDIV_OSC2_PLL3_1L              000000EF
_CPUDIV_OSC3_PLL4_1L              000000F7
_CPUDIV_OSC4_PLL6_1L              000000FF
_DEBUG_OFF_4L                     000000FF
_DEBUG_ON_4L                      0000007F
_DEVID1                           003FFFFE
_DEVID2                           003FFFFF
_EBTR0_OFF_7L                     000000FF
_EBTR0_ON_7L                      000000FE
MPASM  5.30.01                         KOOB1.ASM   10-5-2009  14:29:27         PAGE 18


SYMBOL TABLE
  LABEL                             VALUE 

_EBTR1_OFF_7L                     000000FF
_EBTR1_ON_7L                      000000FD
_EBTR2_OFF_7L                     000000FF
_EBTR2_ON_7L                      000000FB
_EBTR3_OFF_7L                     000000FF
_EBTR3_ON_7L                      000000F7
_EBTRB_OFF_7H                     000000FF
_EBTRB_ON_7H                      000000BF
_FCMEN_OFF_1H                     000000BF
_FCMEN_ON_1H                      000000FF
_FOSC_ECIO_EC_1H                  000000F4
_FOSC_ECPLLIO_EC_1H               000000F6
_FOSC_ECPLL_EC_1H                 000000F7
_FOSC_EC_EC_1H                    000000F5
_FOSC_HSPLL_HS_1H                 000000FE
_FOSC_HS_1H                       000000FC
_FOSC_INTOSCIO_EC_1H              000000F8
_FOSC_INTOSC_EC_1H                000000F9
_FOSC_INTOSC_HS_1H                000000FB
_FOSC_INTOSC_XT_1H                000000FA
_FOSC_XTPLL_XT_1H                 000000F2
_FOSC_XT_XT_1H                    000000F0
_ICPRT_OFF_4L                     000000DF
_ICPRT_ON_4L                      000000FF
_IDLOC0                           00200000
_IDLOC1                           00200001
_IDLOC2                           00200002
_IDLOC3                           00200003
_IDLOC4                           00200004
_IDLOC5                           00200005
_IDLOC6                           00200006
_IDLOC7                           00200007
_IESO_OFF_1H                      0000007F
_IESO_ON_1H                       000000FF
_LPT1OSC_OFF_3H                   000000FB
_LPT1OSC_ON_3H                    000000FF
_LVP_OFF_4L                       000000FB
_LVP_ON_4L                        000000FF
_MCLRE_OFF_3H                     0000007F
_MCLRE_ON_3H                      000000FF
_PBADEN_OFF_3H                    000000FD
_PBADEN_ON_3H                     000000FF
_PLLDIV_10_1L                     000000FE
_PLLDIV_12_1L                     000000FF
_PLLDIV_1_1L                      000000F8
_PLLDIV_2_1L                      000000F9
_PLLDIV_3_1L                      000000FA
_PLLDIV_4_1L                      000000FB
_PLLDIV_5_1L                      000000FC
_PLLDIV_6_1L                      000000FD
_PWRT_OFF_2L                      000000FF
_PWRT_ON_2L                       000000FE
_STVREN_OFF_4L                    000000FE
MPASM  5.30.01                         KOOB1.ASM   10-5-2009  14:29:27         PAGE 19


SYMBOL TABLE
  LABEL                             VALUE 

_STVREN_ON_4L                     000000FF
_USBDIV_1_1L                      000000DF
_USBDIV_2_1L                      000000FF
_VREGEN_OFF_2L                    000000DF
_VREGEN_ON_2L                     000000FF
_WDTPS_1024_2H                    000000F5
_WDTPS_128_2H                     000000EF
_WDTPS_16384_2H                   000000FD
_WDTPS_16_2H                      000000E9
_WDTPS_1_2H                       000000E1
_WDTPS_2048_2H                    000000F7
_WDTPS_256_2H                     000000F1
_WDTPS_2_2H                       000000E3
_WDTPS_32768_2H                   000000FF
_WDTPS_32_2H                      000000EB
_WDTPS_4096_2H                    000000F9
_WDTPS_4_2H                       000000E5
_WDTPS_512_2H                     000000F3
_WDTPS_64_2H                      000000ED
_WDTPS_8192_2H                    000000FB
_WDTPS_8_2H                       000000E7
_WDT_OFF_2H                       000000FE
_WDT_ON_2H                        000000FF
_WRT0_OFF_6L                      000000FF
_WRT0_ON_6L                       000000FE
_WRT1_OFF_6L                      000000FF
_WRT1_ON_6L                       000000FD
_WRT2_OFF_6L                      000000FF
_WRT2_ON_6L                       000000FB
_WRT3_OFF_6L                      000000FF
_WRT3_ON_6L                       000000F7
_WRTB_OFF_6H                      000000FF
_WRTB_ON_6H                       000000BF
_WRTC_OFF_6H                      000000FF
_WRTC_ON_6H                       000000DF
_WRTD_OFF_6H                      000000FF
_WRTD_ON_6H                       0000007F
_XINST_OFF_4L                     000000BF
_XINST_ON_4L                      000000FF
__18F4550                         00000001
__DEBUG                           1
MPASM  5.30.01                         KOOB1.ASM   10-5-2009  14:29:27         PAGE 20


MEMORY USAGE MAP ('X' = Used,  '-' = Unused)


0000 : XXXXXXXXXXXXXXXX XXXXXXXXXXXXXXXX XXXXXXXXXXXXXXXX XXXXXXXXXXXXXXXX
0040 : XXXXXXXXXXXXXXXX XXXXXXXX-------- ---------------- ----------------
0000 : XXXX-XX-XXXXXX-- ---------------- ---------------- ----------------

All other memory blocks unused.

Program Memory Bytes Used:   100
Program Memory Bytes Free: 32668


Errors   :     0
Warnings :     0 reported,     0 suppressed
Messages :     0 reported,     0 suppressed

